<?xml version="1.0" encoding="UTF-8"?>
<testng-results skipped="0" failed="0" ignored="0" total="1" passed="1">
  <reporter-output>
  </reporter-output>
  <suite name="Command line suite" duration-ms="11" started-at="2018-06-13T20:08:08Z" finished-at="2018-06-13T20:08:08Z">
    <groups>
    </groups>
    <test name="Command line test" duration-ms="11" started-at="2018-06-13T20:08:08Z" finished-at="2018-06-13T20:08:08Z">
      <class name="TestFramework.AppTest">
        <test-method status="PASS" signature="testApp()[pri:0, instance:testApp(TestFramework.AppTest)]" name="testApp" duration-ms="1" started-at="2018-06-13T20:08:08Z" finished-at="2018-06-13T20:08:08Z">
          <reporter-output>
          </reporter-output>
        </test-method> <!-- testApp -->
      </class> <!-- TestFramework.AppTest -->
    </test> <!-- Command line test -->
  </suite> <!-- Command line suite -->
</testng-results>
