<?xml version="1.0" encoding="UTF-8"?>
<!-- Generated by org.testng.reporters.JUnitXMLReporter -->
<testsuite hostname="gds000596-nb.carina.griddynamics.net" failures="0" tests="4" name="order" time="6.556" errors="0" timestamp="21 Jun 2018 15:13:48 GMT">
  <testcase classname="TestFramework.Basics" name="getPlaceTest" time="4.49"/>
  <testcase classname="TestFramework.Basics5" name="extractingNames" time="0.761"/>
  <testcase classname="TestFramework.addAndDeletePlace" name="addAndDeletePlace" time="0.941"/>
  <testcase classname="TestFramework.basic2Post" name="createPlace" time="0.304"/>
</testsuite> <!-- order -->
