<?xml version="1.0" encoding="UTF-8"?>
<!-- Generated by org.testng.reporters.JUnitXMLReporter -->
<testsuite hostname="Vladimir-PK" ignored="0" name="order" tests="5" failures="0" timestamp="15 июн 2018 19:28:23 GMT" time="6.547" errors="0">
  <testcase name="getPlaceTest" time="4.419" classname="TestFramework.Basics"/>
  <testcase name="extractingNames" time="0.531" classname="TestFramework.Basics5"/>
  <testcase name="addAndDeletePlace" time="0.832" classname="TestFramework.addAndDeletePlace"/>
  <testcase name="postPlaceXML" time="0.359" classname="TestFramework.basicPostXML"/>
  <testcase name="createPlace" time="0.344" classname="TestFramework.basic2Post"/>
</testsuite> <!-- order -->
