<?xml version="1.0" encoding="UTF-8"?>
<testng-results ignored="0" total="4" passed="4" failed="0" skipped="0">
  <reporter-output>
  </reporter-output>
  <suite started-at="2018-06-20T13:11:11Z" name="TestAll" finished-at="2018-06-20T13:11:18Z" duration-ms="6435">
    <groups>
    </groups>
    <test started-at="2018-06-20T13:11:11Z" name="order" finished-at="2018-06-20T13:11:18Z" duration-ms="6435">
      <class name="TestFramework.addAndDeletePlace">
        <test-method signature="addAndDeletePlace()[pri:0, instance:TestFramework.addAndDeletePlace@46b61c56]" started-at="2018-06-20T13:11:16Z" name="addAndDeletePlace" finished-at="2018-06-20T13:11:17Z" duration-ms="917" status="PASS">
          <reporter-output>
          </reporter-output>
        </test-method> <!-- addAndDeletePlace -->
      </class> <!-- TestFramework.addAndDeletePlace -->
      <class name="TestFramework.Basics">
        <test-method is-config="true" signature="getData()[pri:0, instance:TestFramework.Basics@36060e]" started-at="2018-06-20T13:11:11Z" name="getData" finished-at="2018-06-20T13:11:11Z" duration-ms="18" status="PASS">
          <reporter-output>
          </reporter-output>
        </test-method> <!-- getData -->
        <test-method is-config="true" signature="getData()[pri:0, instance:TestFramework.Basics5@481ba2cf]" started-at="2018-06-20T13:11:11Z" name="getData" finished-at="2018-06-20T13:11:11Z" duration-ms="0" status="PASS">
          <reporter-output>
          </reporter-output>
        </test-method> <!-- getData -->
        <test-method is-config="true" signature="getData()[pri:0, instance:TestFramework.addAndDeletePlace@46b61c56]" started-at="2018-06-20T13:11:11Z" name="getData" finished-at="2018-06-20T13:11:11Z" duration-ms="12" status="PASS">
          <reporter-output>
          </reporter-output>
        </test-method> <!-- getData -->
        <test-method is-config="true" signature="getData()[pri:0, instance:TestFramework.basic2Post@2e48362c]" started-at="2018-06-20T13:11:11Z" name="getData" finished-at="2018-06-20T13:11:11Z" duration-ms="1" status="PASS">
          <reporter-output>
          </reporter-output>
        </test-method> <!-- getData -->
        <test-method signature="getPlaceTest()[pri:0, instance:TestFramework.Basics@36060e]" started-at="2018-06-20T13:11:11Z" name="getPlaceTest" finished-at="2018-06-20T13:11:16Z" duration-ms="4438" status="PASS">
          <reporter-output>
          </reporter-output>
        </test-method> <!-- getPlaceTest -->
      </class> <!-- TestFramework.Basics -->
      <class name="TestFramework.basic2Post">
        <test-method signature="createPlace()[pri:0, instance:TestFramework.basic2Post@2e48362c]" started-at="2018-06-20T13:11:17Z" name="createPlace" finished-at="2018-06-20T13:11:18Z" duration-ms="303" status="PASS">
          <reporter-output>
          </reporter-output>
        </test-method> <!-- createPlace -->
      </class> <!-- TestFramework.basic2Post -->
      <class name="TestFramework.Basics5">
        <test-method signature="extractingNames()[pri:0, instance:TestFramework.Basics5@481ba2cf]" started-at="2018-06-20T13:11:16Z" name="extractingNames" finished-at="2018-06-20T13:11:16Z" duration-ms="688" status="PASS">
          <reporter-output>
          </reporter-output>
        </test-method> <!-- extractingNames -->
      </class> <!-- TestFramework.Basics5 -->
    </test> <!-- order -->
  </suite> <!-- TestAll -->
</testng-results>
