<?xml version="1.0" encoding="UTF-8"?>
<testsuite xmlns:xsi="http://www.w3.org/2001/XMLSchema-instance" xsi:noNamespaceSchemaLocation="https://maven.apache.org/surefire/maven-surefire-plugin/xsd/surefire-test-report.xsd" name="TestSuite" time="7.392" tests="5" errors="0" skipped="0" failures="0">
  <properties>
[...]
</properties>
  <testcase name="getPlaceTest" classname="TestFramework.Basics" time="4.419"/>
  <testcase name="extractingNames" classname="TestFramework.Basics5" time="0.531"/>
  <testcase name="addAndDeletePlace" classname="TestFramework.addAndDeletePlace" time="0.816"/>
  <testcase name="postPlaceXML" classname="TestFramework.basicPostXML" time="0.359"/>
  <testcase name="createPlace" classname="TestFramework.basic2Post" time="0.344"/>
</testsuite>