<?xml version="1.0" encoding="UTF-8"?>
<testsuite xmlns:xsi="http://www.w3.org/2001/XMLSchema-instance" xsi:noNamespaceSchemaLocation="https://maven.apache.org/surefire/maven-surefire-plugin/xsd/surefire-test-report.xsd" name="TestSuite" time="9.063" tests="4" errors="0" skipped="0" failures="0">
  <properties>
[...]
</properties>
  <testcase name="getPlaceTest" classname="TestFramework.Basics" time="4.492"/>
  <testcase name="extractingNames" classname="TestFramework.Basics5" time="0.762"/>
  <testcase name="addAndDeletePlace" classname="TestFramework.addAndDeletePlace" time="0.941"/>
  <testcase name="createPlace" classname="TestFramework.basic2Post" time="0.305"/>
</testsuite>